<?xml version="1.0" encoding="UTF-8"?>
<!-- Generated by org.testng.reporters.JUnitReportReporter -->
<testsuite skipped="0" hostname="LAPTOP-7N9NOA3S" name="com.projectName.testscripts.Register" tests="1" failures="0" timestamp="2021-10-11T13:59:45 IST" time="1.561" errors="0">
  <testcase name="test" time="1.561" classname="com.projectName.testscripts.Register"/>
  <system-out/>
</testsuite> <!-- com.projectName.testscripts.Register -->
