<?xml version="1.0" encoding="UTF-8"?>
<!-- Generated by org.testng.reporters.JUnitReportReporter -->
<testsuite hostname="LAPTOP-7N9NOA3S" failures="0" tests="2" name="com.projectName.base.TestBase" time="5.984" errors="0" timestamp="2021-10-10T16:15:50 IST" skipped="0">
  <testcase classname="com.projectName.base.TestBase" name="invoke" time="5.982"/>
  <system-out/>
  <testcase classname="com.projectName.base.TestBase" name="properties" time="0.002"/>
  <system-out/>
</testsuite> <!-- com.projectName.base.TestBase -->
